<?xml version="1.0" encoding="UTF-8"?>
<!-- Generated by org.testng.reporters.JUnitReportReporter -->
<testsuite hostname="LAPTOP-JGFOPR4G" failures="0" tests="4" name="api.com.APItest" time="6.483" errors="0" timestamp="2022-08-17T21:36:54 IST" skipped="0">
  <testcase classname="api.com.APItest" name="findpetstatus" time="1.787"/>
  <system-out/>
  <testcase classname="api.com.APItest" name="findpetstatus" time="1.658"/>
  <system-out/>
  <testcase classname="api.com.APItest" name="findpetstatus" time="1.504"/>
  <system-out/>
  <testcase classname="api.com.APItest" name="put" time="1.534"/>
  <system-out/>
</testsuite> <!-- api.com.APItest -->
